
Tue, 15 Dec 15 16:26:36 -0500 > subsidio/ingcon > Message => El campo cajcon no puede ser nulo ''
Tue, 15 Dec 15 16:26:36 -0500 > subsidio/ingcon > Message => El campo captra no puede ser nulo ''
Tue, 15 Dec 15 16:26:36 -0500 > subsidio/ingcon > Message => El campo codocu no puede ser nulo ''
Tue, 15 Dec 15 16:26:36 -0500 > subsidio/ingcon > Message => Error del controller
Tue, 15 Dec 15 16:26:57 -0500 > subsidio/ingcon > Message => El campo cajcon no puede ser nulo ''
Tue, 15 Dec 15 16:26:57 -0500 > subsidio/ingcon > Message => El campo captra no puede ser nulo ''
Tue, 15 Dec 15 16:26:57 -0500 > subsidio/ingcon > Message => El campo codocu no puede ser nulo ''
Tue, 15 Dec 15 16:26:57 -0500 > subsidio/ingcon > Message => Error del controller
Tue, 15 Dec 15 16:26:59 -0500 > subsidio/ingcon > Message => El campo cajcon no puede ser nulo ''
Tue, 15 Dec 15 16:26:59 -0500 > subsidio/ingcon > Message => El campo captra no puede ser nulo ''
Tue, 15 Dec 15 16:26:59 -0500 > subsidio/ingcon > Message => El campo codocu no puede ser nulo ''
Tue, 15 Dec 15 16:26:59 -0500 > subsidio/ingcon > Message => Error del controller
Tue, 15 Dec 15 16:27:00 -0500 > subsidio/ingcon > Message => El campo cajcon no puede ser nulo ''
Tue, 15 Dec 15 16:27:00 -0500 > subsidio/ingcon > Message => El campo captra no puede ser nulo ''
Tue, 15 Dec 15 16:27:00 -0500 > subsidio/ingcon > Message => El campo codocu no puede ser nulo ''
Tue, 15 Dec 15 16:27:00 -0500 > subsidio/ingcon > Message => Error del controller
Tue, 15 Dec 15 16:30:30 -0500 > subsidio/ingcon > Message => El campo cajcon no puede ser nulo ''
Tue, 15 Dec 15 16:30:30 -0500 > subsidio/ingcon > Message => El campo captra no puede ser nulo ''
Tue, 15 Dec 15 16:30:30 -0500 > subsidio/ingcon > Message => El campo codocu no puede ser nulo ''
Thu, 17 Dec 15 08:22:34 -0500 > subsidio/cargueCertificados > Message => "You have an error in your SQL syntax; check the manual that corresponds to your MySQL server version for the right syntax to use near 'WHERE codare='SU' AND codope='42'' at line 1"  al ejecutar "UPDATE mercurio11 SET orden=  WHERE codare='SU' AND codope='42'" en la conexión "Resource id #112"
Thu, 17 Dec 15 08:24:07 -0500 > subsidio/cargueCertificados > Message => "You have an error in your SQL syntax; check the manual that corresponds to your MySQL server version for the right syntax to use near 'WHERE codare='SU' AND codope='42'' at line 1"  al ejecutar "UPDATE mercurio11 SET orden=  WHERE codare='SU' AND codope='42'" en la conexión "Resource id #112"
Thu, 17 Dec 15 08:29:05 -0500 > subsidio/cargueCertificados > Message => "You have an error in your SQL syntax; check the manual that corresponds to your MySQL server version for the right syntax to use near 'WHERE codare='SU' AND codope='42'' at line 1"  al ejecutar "UPDATE mercurio11 SET orden=  WHERE codare='SU' AND codope='42'" en la conexión "Resource id #112"
Thu, 17 Dec 15 08:36:19 -0500 > subsidio/cargueCertificados > Message => "You have an error in your SQL syntax; check the manual that corresponds to your MySQL server version for the right syntax to use near 'WHERE codare='SU' AND codope='42'' at line 1"  al ejecutar "UPDATE mercurio11 SET orden=  WHERE codare='SU' AND codope='42'" en la conexión "Resource id #112"
Thu, 17 Dec 15 08:38:56 -0500 > subsidio/cargueCertificados > Message => "You have an error in your SQL syntax; check the manual that corresponds to your MySQL server version for the right syntax to use near 'WHERE codare='SU' AND codope='42'' at line 1"  al ejecutar "UPDATE mercurio11 SET orden=  WHERE codare='SU' AND codope='42'" en la conexión "Resource id #112"
Fri, 18 Dec 15 10:23:27 -0500 > subsidio/retirar > Message => "You have an error in your SQL syntax; check the manual that corresponds to your MySQL server version for the right syntax to use near 'SELECT * FORM mercurio35 where cedtra='36166863' and estado= 'P'' at line 1"  al ejecutar "SELECT COUNT(*) AS rowcount FROM mercurio35  WHERE SELECT * FORM mercurio35 where cedtra='36166863' and estado= 'P'" en la conexión "Resource id #118"
Fri, 18 Dec 15 10:23:44 -0500 > subsidio/retirar > Message => "You have an error in your SQL syntax; check the manual that corresponds to your MySQL server version for the right syntax to use near 'SELECT * FORM mercurio35 where cedtra='36166863' and estado= 'P'' at line 1"  al ejecutar "SELECT COUNT(*) AS rowcount FROM mercurio35  WHERE SELECT * FORM mercurio35 where cedtra='36166863' and estado= 'P'" en la conexión "Resource id #118"
Fri, 18 Dec 15 10:24:24 -0500 > subsidio/retirar > Message => "You have an error in your SQL syntax; check the manual that corresponds to your MySQL server version for the right syntax to use near 'SELECT * FORM mercurio35 where cedtra='12126830' and estado= 'P'' at line 1"  al ejecutar "SELECT COUNT(*) AS rowcount FROM mercurio35  WHERE SELECT * FORM mercurio35 where cedtra='12126830' and estado= 'P'" en la conexión "Resource id #118"
Fri, 18 Dec 15 10:27:48 -0500 > subsidio/retirar > Message => "You have an error in your SQL syntax; check the manual that corresponds to your MySQL server version for the right syntax to use near 'SELECT * FORM mercurio35 where cedtra='12126830' and estado= 'P'' at line 1"  al ejecutar "SELECT COUNT(*) AS rowcount FROM mercurio35  WHERE SELECT * FORM mercurio35 where cedtra='12126830' and estado= 'P'" en la conexión "Resource id #118"
Wed, 30 Mar 16 09:51:25 -0500 > subsidio/actdat > Message => El campo valor no puede ser nulo ''
Wed, 30 Mar 16 09:51:33 -0500 > subsidio/actdat > Message => El campo valor no puede ser nulo ''
Mon, 27 Jun 16 11:27:37 -0500 > particular/addtrabajador > Message => El campo tipcon no puede ser nulo ''
Mon, 27 Jun 16 11:27:37 -0500 > particular/addtrabajador > Message => El campo tipafi no puede ser nulo ''
Mon, 27 Jun 16 15:29:56 -0500 > particular/addtrabajador > Message => El campo coddoc no puede ser nulo ''
Mon, 18 Jul 16 10:58:07 -0500 > particular/addtrabajador > Message => El campo coddoc no puede ser nulo ''
Fri, 19 Aug 16 15:43:54 -0500 > particular/addempresa > Message => El campo nit no puede ser nulo ''
Fri, 19 Aug 16 15:43:54 -0500 > particular/addempresa > Message => El campo razsoc no puede ser nulo ''
Fri, 19 Aug 16 15:43:54 -0500 > particular/addempresa > Message => El campo codciu no puede ser nulo ''
Fri, 19 Aug 16 15:43:54 -0500 > particular/addempresa > Message => El campo direccion no puede ser nulo ''
Fri, 19 Aug 16 15:43:54 -0500 > particular/addempresa > Message => El campo telefono no puede ser nulo ''
Fri, 19 Aug 16 15:43:54 -0500 > particular/addempresa > Message => El campo email no puede ser nulo ''
Fri, 19 Aug 16 15:43:54 -0500 > particular/addempresa > Message => El campo codact no puede ser nulo ''
Fri, 19 Aug 16 15:43:54 -0500 > particular/addempresa > Message => El campo tottra no puede ser nulo ''
Fri, 19 Aug 16 15:43:54 -0500 > particular/addempresa > Message => El campo totnom no puede ser nulo ''
Fri, 19 Aug 16 15:43:54 -0500 > particular/addempresa > Message => El campo cedrep no puede ser nulo ''
Fri, 19 Aug 16 15:43:54 -0500 > particular/addempresa > Message => El campo nomrep no puede ser nulo ''
Fri, 19 Aug 16 15:43:54 -0500 > particular/addempresa > Message => El campo tipsoc no puede ser nulo ''
Fri, 19 Aug 16 15:43:54 -0500 > particular/addempresa > Message => El campo calemp no puede ser nulo ''
Fri, 19 Aug 16 15:43:54 -0500 > particular/addempresa > Message => El campo agencia no puede ser nulo ''
Mon, 22 Aug 16 09:10:01 -0500 > subsidio/cargueCertificados > Message => "You have an error in your SQL syntax; check the manual that corresponds to your MySQL server version for the right syntax to use near 'WHERE codare='SU' AND codope='42'' at line 1"  al ejecutar "UPDATE mercurio11 SET orden=  WHERE codare='SU' AND codope='42'" en la conexión "Resource id #114"
Mon, 22 Aug 16 09:11:22 -0500 > subsidio/cargueCertificados > Message => "You have an error in your SQL syntax; check the manual that corresponds to your MySQL server version for the right syntax to use near 'WHERE codare='SU' AND codope='42'' at line 1"  al ejecutar "UPDATE mercurio11 SET orden=  WHERE codare='SU' AND codope='42'" en la conexión "Resource id #114"
Mon, 22 Aug 16 09:12:29 -0500 > subsidio/cargueCertificados > Message => "You have an error in your SQL syntax; check the manual that corresponds to your MySQL server version for the right syntax to use near 'WHERE codare='SU' AND codope='42'' at line 1"  al ejecutar "UPDATE mercurio11 SET orden=  WHERE codare='SU' AND codope='42'" en la conexión "Resource id #114"
Mon, 22 Aug 16 10:12:32 -0500 > subsidio/cargueCertificados > Message => "You have an error in your SQL syntax; check the manual that corresponds to your MySQL server version for the right syntax to use near 'WHERE codare='SU' AND codope='42'' at line 1"  al ejecutar "UPDATE mercurio11 SET orden=  WHERE codare='SU' AND codope='42'" en la conexión "Resource id #114"
Mon, 22 Aug 16 10:14:02 -0500 > subsidio/cargueCertificados > Message => "You have an error in your SQL syntax; check the manual that corresponds to your MySQL server version for the right syntax to use near 'WHERE codare='SU' AND codope='42'' at line 1"  al ejecutar "UPDATE mercurio11 SET orden=  WHERE codare='SU' AND codope='42'" en la conexión "Resource id #114"
Mon, 22 Aug 16 10:15:15 -0500 > subsidio/cargueCertificados > Message => "You have an error in your SQL syntax; check the manual that corresponds to your MySQL server version for the right syntax to use near 'WHERE codare='SU' AND codope='42'' at line 1"  al ejecutar "UPDATE mercurio11 SET orden=  WHERE codare='SU' AND codope='42'" en la conexión "Resource id #114"
Fri, 02 Sep 16 11:33:42 -0500 > particular/addtrabajador > Message => El valor del campo 'vivienda' debe ser parte del rango N, F, P, A, H
Tue, 21 Feb 17 14:43:56 -0500 > opciones/cambiarClavePri > Message => El campo tipo no puede ser nulo ''
Tue, 21 Feb 17 14:44:45 -0500 > opciones/cambiarClavePri > Message => El campo tipo no puede ser nulo ''
Tue, 21 Feb 17 14:47:40 -0500 > opciones/cambiarClavePri > Message => El campo tipo no puede ser nulo ''
Fri, 24 Feb 17 10:43:32 -0500 > subsidio/cambioDatosPrincipales > Message => "You have an error in your SQL syntax; check the manual that corresponds to your MySQL server version for the right syntax to use near ' 'Vacio')' at line 1"  al ejecutar "INSERT INTO mercurio43 (log, codcaj, documento, campo, valor, estado, motivo, fecest, usuario, nomarc) VALUES (1090, 'CCF032', '891180008', 'cedrep', '1075209518', 'P', NULL, NULL, , 'Vacio')" en la conexión "Resource id #122"
Fri, 24 Feb 17 10:46:32 -0500 > subsidio/cambioDatosPrincipales > Message => "You have an error in your SQL syntax; check the manual that corresponds to your MySQL server version for the right syntax to use near ' 'Vacio')' at line 1"  al ejecutar "INSERT INTO mercurio43 (log, codcaj, documento, campo, valor, estado, motivo, fecest, usuario, nomarc) VALUES (1091, 'CCF032', '891180008', 'cedrep', '1075242497', 'P', NULL, NULL, , 'Vacio')" en la conexión "Resource id #122"
Mon, 27 Feb 17 10:20:49 -0500 > subsidio/cambioDatosPrincipales > Message => "You have an error in your SQL syntax; check the manual that corresponds to your MySQL server version for the right syntax to use near ' 'Vacio')' at line 1"  al ejecutar "INSERT INTO mercurio43 (log, codcaj, documento, campo, valor, estado, motivo, fecest, usuario, nomarc) VALUES (1099, 'CCF032', '900488165', 'razsoc', 'DISTRIBUCIONES DEICY', 'P', NULL, NULL, , 'Vacio')" en la conexión "Resource id #122"
Mon, 27 Feb 17 10:23:52 -0500 > subsidio/cambioDatosPrincipales > Message => "You have an error in your SQL syntax; check the manual that corresponds to your MySQL server version for the right syntax to use near ' 'Vacio')' at line 1"  al ejecutar "INSERT INTO mercurio43 (log, codcaj, documento, campo, valor, estado, motivo, fecest, usuario, nomarc) VALUES (1100, 'CCF032', '900488165', 'razsoc', 'DISTRIBUCIONES DEICY', 'P', NULL, NULL, , 'Vacio')" en la conexión "Resource id #122"
Tue, 28 Feb 17 07:46:11 -0500 > subsidio/cambioDatosPrincipales > Message => "You have an error in your SQL syntax; check the manual that corresponds to your MySQL server version for the right syntax to use near ' 'Vacio')' at line 1"  al ejecutar "INSERT INTO mercurio43 (log, codcaj, documento, campo, valor, estado, motivo, fecest, usuario, nomarc) VALUES (1103, 'CCF032', '891100024', 'cedrep', '97446614', 'P', NULL, NULL, , 'Vacio')" en la conexión "Resource id #122"
Tue, 28 Feb 17 14:30:54 -0500 > subsidio/ingben > Message => "You have an error in your SQL syntax; check the manual that corresponds to your MySQL server version for the right syntax to use near ')' at line 1"  al ejecutar "INSERT INTO mercurio34 (log, codcaj, cedtra, documento, cedcon, coddoc, priape, segape, prinom, segnom, fecnac, ciunac, sexo, parent, huerfano, tiphij, nivedu, captra, tipdis, calendario, estado, motivo, fecest, usuario) VALUES (1105, 'CCF032', '1075209518', '1077232288', '97446614', '6', 'GARCIA', 'GARCIA', 'PAULA', 'ANDREA', '2003-10-03', '41001', 'F', '35', '0', NULL, '199', 'I', NULL, 'N', 'P', NULL, NULL, )" en la conexión "Resource id #122"
Tue, 28 Feb 17 15:20:02 -0500 > subsidio/ingcon > Message => El valor del campo 'email' debe ser un e-mail válido
Mon, 13 Mar 17 10:35:07 -0500 > subsidio/ingcon > Message => El valor del campo 'email' debe ser un e-mail válido
Wed, 07 Jun 17 17:24:03 -0500 > subsidio/actdat > Message => El campo valor no puede ser nulo ''
Thu, 08 Jun 17 08:20:07 -0500 > subsidio/actdat > Message => El campo valor no puede ser nulo ''
Thu, 08 Jun 17 08:20:22 -0500 > subsidio/actdat > Message => El campo valor no puede ser nulo ''
Thu, 08 Jun 17 09:06:54 -0500 > subsidio/actdat > Message => El campo valor no puede ser nulo ''
