Wed, 07 Jun 17 16:45:47 -0500 > mercurio33/aprobar > Message => Transacción abortada
Thu, 08 Jun 17 14:43:49 -0500 > mercurio34/aprobar > Message => El beneficiario se encuentra afiliado como trabajador
Thu, 08 Jun 17 16:10:46 -0500 > mercurio34/aprobar > Message => El beneficiario tiene dos relaciones activas
Thu, 08 Jun 17 16:55:51 -0500 > mercurio34/aprobar > Message => El beneficiario se encuentra afiliado como trabajador
Thu, 08 Jun 17 17:06:15 -0500 > mercurio34/aprobar > Message => El beneficiario tiene dos relaciones activas
Thu, 08 Jun 17 19:01:52 -0500 > mercurio34/aprobar > Message => El beneficiario tiene dos relaciones activas
Fri, 09 Jun 17 11:16:39 -0500 > mercurio34/aprobar > Message => El beneficiario tiene dos relaciones activas
Fri, 09 Jun 17 11:18:00 -0500 > mercurio34/aprobar > Message => El beneficiario tiene dos relaciones activas
Fri, 09 Jun 17 17:47:36 -0500 > mercurio34/aprobar > Message => El beneficiario se encuentra afiliado como trabajador
Sat, 10 Jun 17 14:57:51 -0500 > mercurio34/aprobar > Message => Error webservice
Sat, 10 Jun 17 14:58:10 -0500 > mercurio34/aprobar > Message => Error webservice
Sat, 10 Jun 17 15:08:17 -0500 > mercurio34/aprobar > Message => Error webservice
Sat, 10 Jun 17 15:10:02 -0500 > mercurio34/aprobar > Message => El beneficiario tiene dos relaciones activas
Sat, 10 Jun 17 15:10:14 -0500 > mercurio34/aprobar > Message => El beneficiario tiene dos relaciones activas
Sat, 10 Jun 17 15:18:15 -0500 > mercurio34/aprobar > Message => Error webservice
Sat, 10 Jun 17 15:18:28 -0500 > mercurio34/aprobar > Message => Error webservice
Sat, 10 Jun 17 15:18:39 -0500 > mercurio34/aprobar > Message => Error webservice
Sat, 10 Jun 17 15:41:43 -0500 > mercurio34/aprobar > Message => El beneficiario se encuentra afiliado como trabajador
Sat, 10 Jun 17 15:44:33 -0500 > mercurio34/aprobar > Message => Error webservice
Sat, 10 Jun 17 15:46:37 -0500 > mercurio34/aprobar > Message => Error webservice
Sat, 10 Jun 17 15:47:16 -0500 > mercurio34/aprobar > Message => Error webservice
Sat, 10 Jun 17 15:57:30 -0500 > mercurio34/aprobar > Message => Error webservice
Sat, 10 Jun 17 15:58:39 -0500 > mercurio34/aprobar > Message => Error webservice
Sat, 10 Jun 17 16:06:39 -0500 > mercurio34/aprobar > Message => Error webservice
Sat, 10 Jun 17 16:12:24 -0500 > mercurio34/aprobar > Message => Error webservice
Sat, 10 Jun 17 17:58:24 -0500 > mercurio34/aprobar > Message => Error webservice
Sun, 11 Jun 17 20:13:58 -0500 > mercurio34/aprobar > Message => Error webservice
Sun, 11 Jun 17 20:15:22 -0500 > mercurio34/aprobar > Message => Error webservice
Sun, 11 Jun 17 20:15:40 -0500 > mercurio34/aprobar > Message => Error webservice
Sun, 11 Jun 17 20:18:23 -0500 > mercurio34/aprobar > Message => Error webservice
Sun, 11 Jun 17 20:22:32 -0500 > mercurio34/aprobar > Message => Error webservice
Sun, 11 Jun 17 21:01:56 -0500 > mercurio34/aprobar > Message => Error webservice
Sun, 11 Jun 17 21:05:02 -0500 > mercurio34/aprobar > Message => Error webservice
Sun, 11 Jun 17 21:08:18 -0500 > mercurio34/aprobar > Message => Error webservice
Sun, 11 Jun 17 21:10:42 -0500 > mercurio34/aprobar > Message => Error webservice
Sun, 11 Jun 17 21:11:27 -0500 > mercurio34/aprobar > Message => Error webservice
Sun, 11 Jun 17 21:15:50 -0500 > mercurio34/aprobar > Message => Error webservice
Sun, 11 Jun 17 21:16:20 -0500 > mercurio34/aprobar > Message => Error webservice
Sun, 11 Jun 17 21:17:05 -0500 > mercurio34/aprobar > Message => Error webservice
Sun, 11 Jun 17 21:18:35 -0500 > mercurio34/aprobar > Message => Error webservice
Sun, 11 Jun 17 21:21:14 -0500 > mercurio34/aprobar > Message => Error webservice
Sun, 11 Jun 17 21:26:16 -0500 > mercurio34/aprobar > Message => Error webservice
Sun, 11 Jun 17 21:29:00 -0500 > mercurio34/aprobar > Message => Error webservice
Sun, 11 Jun 17 21:31:09 -0500 > mercurio34/aprobar > Message => Error webservice
Sun, 11 Jun 17 21:33:14 -0500 > mercurio34/aprobar > Message => Error webservice
Sun, 11 Jun 17 21:33:42 -0500 > mercurio34/aprobar > Message => Error webservice
Sun, 11 Jun 17 21:39:05 -0500 > mercurio34/aprobar > Message => Error webservice
Sun, 11 Jun 17 21:39:50 -0500 > mercurio34/aprobar > Message => Error webservice
Sun, 11 Jun 17 21:55:47 -0500 > mercurio34/aprobar > Message => El beneficiario tiene dos relaciones activas
Sun, 11 Jun 17 22:05:53 -0500 > mercurio34/aprobar > Message => El beneficiario se encuentra afiliado como trabajador
Sun, 11 Jun 17 22:36:45 -0500 > mercurio34/aprobar > Message => El beneficiario tiene dos relaciones activas
Sun, 11 Jun 17 22:52:47 -0500 > mercurio34/aprobar > Message => Error webservice
Sun, 11 Jun 17 22:54:18 -0500 > mercurio34/aprobar > Message => Error webservice
Sun, 11 Jun 17 22:57:56 -0500 > mercurio34/aprobar > Message => Error webservice
Mon, 12 Jun 17 08:41:46 -0500 > mercurio34/aprobar > Message => Error webservice
Mon, 12 Jun 17 08:42:26 -0500 > mercurio34/aprobar > Message => Error webservice
Mon, 12 Jun 17 08:47:00 -0500 > mercurio34/aprobar > Message => Error webservice
Mon, 12 Jun 17 08:47:30 -0500 > mercurio34/aprobar > Message => Error webservice
Mon, 12 Jun 17 08:49:14 -0500 > mercurio34/aprobar > Message => Error webservice
Mon, 12 Jun 17 08:50:57 -0500 > mercurio34/aprobar > Message => El beneficiario es conyuge de un trabajador activo
Mon, 12 Jun 17 18:32:06 -0500 > mercurio34/aprobar > Message => El beneficiario es conyuge de un trabajador activo
Mon, 12 Jun 17 18:35:01 -0500 > mercurio34/aprobar > Message => El beneficiario tiene menos de 60 a&ntilde;os
