Thu, 07 Feb 13 10:54:08 -0500 > pos29/guardar > Message => "Cannot add or update a child row: a foreign key constraint fails (`pos`.`pos29`, CONSTRAINT `pos29_ibfk_2` FOREIGN KEY (`codcon`) REFERENCES `pos09` (`codcon`))"  al ejecutar "INSERT INTO pos29 (codcon, nit, razsoc, direccion, telefono, fax, celular, codzon, nota, fecsis) VALUES ('2', 'FHGJK', 'GFJHK', 'GFHKJ', 'GFHJK', 'HGK', 'JG', '05002', 'fghjkl', '2013-02-07')" en la conexión "Resource id #63"
Thu, 07 Feb 13 11:40:11 -0500 > pos50/guardar > Message => "Duplicate entry '9' for key 'PRIMARY'"  al ejecutar "INSERT INTO pos50 (puncon, detalle) VALUES ('9890', 'ELFLWEJ')" en la conexión "Resource id #63"
Thu, 07 Feb 13 15:40:25 -0500 > pos55/guardar > Message => "Cannot add or update a child row: a foreign key constraint fails (`pos`.`pos55`, CONSTRAINT `pos55_ibfk_1` FOREIGN KEY (`marca`) REFERENCES `pos54` (`marca`))"  al ejecutar "INSERT INTO pos55 (usuario, marca) VALUES (12345678901, 'JF')" en la conexión "Resource id #63"
Wed, 13 Feb 13 15:47:36 -0500 > desktop/addListNotas > Message => El campo titulo no puede ser nulo ''
Wed, 13 Feb 13 15:47:36 -0500 > desktop/addListNotas > Message => El campo nota no puede ser nulo ''
Wed, 13 Feb 13 16:10:07 -0500 > pos51/guardar > Message => "Cannot add or update a child row: a foreign key constraint fails (`pos`.`pos51`, CONSTRAINT `pos51_ibfk_5` FOREIGN KEY (`puncon`) REFERENCES `pos50` (`puncon`))"  al ejecutar "INSERT INTO pos51 (marca, documento, usuario, fecha, punini, puncon, estado, fectra) VALUES ('01', '0000001', 1, '2013-02-12', '1', 'R', 'R', NULL)" en la conexión "Resource id #63"
Mon, 18 Feb 13 14:43:29 -0500 > pos49/guardar > Message => "Cannot add or update a child row: a foreign key constraint fails (`pos`.`pos49`, CONSTRAINT `pos49_ibfk_1` FOREIGN KEY (`docfis`) REFERENCES `pos42` (`docfis`))"  al ejecutar "INSERT INTO pos49 (docfis, caja, usuario, valefe, valche, valtar, valcre, valbon, valemp, valdes, valrec, valotr, valent, valdif, fiscal) VALUES ('01', '0000001', 1, 1, 1, 1, 1, 1, 1, 1, 1, 1, 1, 1, 'N')" en la conexión "Resource id #63"
Mon, 25 Feb 13 08:49:22 -0500 > resta01/guardar > Message => El campo fecsis no puede ser nulo ''
Mon, 25 Feb 13 11:56:31 -0500 > resta09/guardar > Message => El campo codmed no puede ser nulo ''
Wed, 27 Feb 13 08:57:29 -0500 > resta13/guardar > Message => El valor del campo 'email' debe ser un e-mail válido
Wed, 27 Feb 13 09:15:20 -0500 > resta13/guardar > Message => El valor del campo 'email' debe ser un e-mail válido
Mon, 04 Mar 13 14:59:22 -0500 > gener02/guardar > Message => El campo usuario no puede ser nulo ''
Mon, 04 Mar 13 14:59:22 -0500 > gener02/guardar > Message => El campo login no puede ser nulo ''
Mon, 04 Mar 13 14:59:22 -0500 > gener02/guardar > Message => El campo cedtra no puede ser nulo ''
Mon, 04 Mar 13 14:59:22 -0500 > gener02/guardar > Message => El campo nombre no puede ser nulo ''
Mon, 04 Mar 13 14:59:22 -0500 > gener02/guardar > Message => El campo clave no puede ser nulo ''
Mon, 04 Mar 13 15:53:49 -0500 > gener02/guardar > Message => El campo usuario no puede ser nulo ''
Mon, 04 Mar 13 15:53:49 -0500 > gener02/guardar > Message => El campo login no puede ser nulo ''
Mon, 04 Mar 13 15:53:49 -0500 > gener02/guardar > Message => El campo cedtra no puede ser nulo ''
Mon, 04 Mar 13 15:53:49 -0500 > gener02/guardar > Message => El campo nombre no puede ser nulo ''
Mon, 04 Mar 13 15:53:49 -0500 > gener02/guardar > Message => El campo clave no puede ser nulo ''
Mon, 04 Mar 13 16:03:28 -0500 > gener02/guardar > Message => El campo usuario no puede ser nulo ''
Mon, 04 Mar 13 16:03:28 -0500 > gener02/guardar > Message => El campo login no puede ser nulo ''
Mon, 04 Mar 13 16:03:28 -0500 > gener02/guardar > Message => El campo cedtra no puede ser nulo ''
Mon, 04 Mar 13 16:03:28 -0500 > gener02/guardar > Message => El campo nombre no puede ser nulo ''
Mon, 04 Mar 13 16:03:28 -0500 > gener02/guardar > Message => El campo clave no puede ser nulo ''
Tue, 05 Mar 13 09:52:16 -0500 > resta02/guardar > Message => "Cannot add or update a child row: a foreign key constraint fails (`restaurante`.`resta28`, CONSTRAINT `fk_resta28_resta021` FOREIGN KEY (`codalm`) REFERENCES `resta02` (`codalm`) ON DELETE NO ACTION ON UPDATE NO ACTION)"  al ejecutar "INSERT INTO resta28 (codalm, codref, stomax, stomin) VALUES ('0', '1', 1, 1)" en la conexión "Resource id #63"
Tue, 05 Mar 13 10:11:17 -0500 > resta02/borrar > Message => "Cannot delete or update a parent row: a foreign key constraint fails (`restaurante`.`resta28`, CONSTRAINT `fk_resta28_resta021` FOREIGN KEY (`codalm`) REFERENCES `resta02` (`codalm`) ON DELETE NO ACTION ON UPDATE NO ACTION)"  al ejecutar "DELETE FROM resta02 WHERE codalm='01' " en la conexión "Resource id #64"
Tue, 05 Mar 13 10:13:27 -0500 > resta02/borrar > Message => "Cannot delete or update a parent row: a foreign key constraint fails (`restaurante`.`resta28`, CONSTRAINT `fk_resta28_resta021` FOREIGN KEY (`codalm`) REFERENCES `resta02` (`codalm`) ON DELETE NO ACTION ON UPDATE NO ACTION)"  al ejecutar "DELETE FROM resta02 WHERE codalm='01' " en la conexión "Resource id #64"
Thu, 06 Jun 13 19:36:10 -0500 > basica01/guardar > Message => El campo codare no puede ser nulo ''
Thu, 06 Jun 13 19:36:10 -0500 > basica01/guardar > Message => El campo detalle no puede ser nulo ''
Thu, 06 Jun 13 19:37:07 -0500 > basica01/guardar > Message => El campo codare no puede ser nulo ''
Thu, 06 Jun 13 19:37:07 -0500 > basica01/guardar > Message => El campo detalle no puede ser nulo ''
Thu, 06 Jun 13 19:37:40 -0500 > basica01/guardar > Message => El campo codare no puede ser nulo ''
Thu, 06 Jun 13 19:37:40 -0500 > basica01/guardar > Message => El campo detalle no puede ser nulo ''
Fri, 07 Jun 13 14:51:28 -0500 > resta06/guardar > Message => El campo codmen no puede ser nulo ''
Wed, 30 Oct 13 10:59:38 -0500 > desktop/saveCapBas2 > Message => El campo codare no puede ser nulo ''
Wed, 30 Oct 13 10:59:38 -0500 > desktop/saveCapBas2 > Message => El campo email no puede ser nulo ''
Wed, 30 Oct 13 10:59:38 -0500 > desktop/saveCapBas2 > Message => El campo celular no puede ser nulo ''
Wed, 30 Oct 13 10:59:38 -0500 > desktop/saveCapBas2 > Message => El campo telefono no puede ser nulo ''
Wed, 30 Oct 13 10:59:38 -0500 > desktop/saveCapBas2 > Message => El campo ext no puede ser nulo ''
Wed, 30 Oct 13 10:59:44 -0500 > desktop/saveCapBas2 > Message => El campo codare no puede ser nulo ''
Wed, 30 Oct 13 10:59:44 -0500 > desktop/saveCapBas2 > Message => El campo email no puede ser nulo ''
Wed, 30 Oct 13 10:59:44 -0500 > desktop/saveCapBas2 > Message => El campo celular no puede ser nulo ''
Wed, 30 Oct 13 10:59:44 -0500 > desktop/saveCapBas2 > Message => El campo telefono no puede ser nulo ''
Wed, 30 Oct 13 10:59:44 -0500 > desktop/saveCapBas2 > Message => El campo ext no puede ser nulo ''
Wed, 30 Oct 13 10:59:47 -0500 > desktop/saveCapBas2 > Message => El campo codare no puede ser nulo ''
Wed, 30 Oct 13 10:59:47 -0500 > desktop/saveCapBas2 > Message => El campo email no puede ser nulo ''
Wed, 30 Oct 13 10:59:47 -0500 > desktop/saveCapBas2 > Message => El campo celular no puede ser nulo ''
Wed, 30 Oct 13 10:59:47 -0500 > desktop/saveCapBas2 > Message => El campo telefono no puede ser nulo ''
Wed, 30 Oct 13 10:59:47 -0500 > desktop/saveCapBas2 > Message => El campo ext no puede ser nulo ''
Wed, 30 Oct 13 10:59:51 -0500 > desktop/saveCapBas2 > Message => El campo codare no puede ser nulo ''
Wed, 30 Oct 13 10:59:51 -0500 > desktop/saveCapBas2 > Message => El campo email no puede ser nulo ''
Wed, 30 Oct 13 10:59:51 -0500 > desktop/saveCapBas2 > Message => El campo celular no puede ser nulo ''
Wed, 30 Oct 13 10:59:51 -0500 > desktop/saveCapBas2 > Message => El campo telefono no puede ser nulo ''
Wed, 30 Oct 13 10:59:51 -0500 > desktop/saveCapBas2 > Message => El campo ext no puede ser nulo ''
Wed, 30 Oct 13 10:59:55 -0500 > desktop/saveCapBas2 > Message => El campo codare no puede ser nulo ''
Wed, 30 Oct 13 10:59:55 -0500 > desktop/saveCapBas2 > Message => El campo email no puede ser nulo ''
Wed, 30 Oct 13 10:59:55 -0500 > desktop/saveCapBas2 > Message => El campo celular no puede ser nulo ''
Wed, 30 Oct 13 10:59:55 -0500 > desktop/saveCapBas2 > Message => El campo telefono no puede ser nulo ''
Wed, 30 Oct 13 10:59:55 -0500 > desktop/saveCapBas2 > Message => El campo ext no puede ser nulo ''
Wed, 30 Oct 13 10:59:57 -0500 > desktop/saveCapBas2 > Message => El campo codare no puede ser nulo ''
Wed, 30 Oct 13 10:59:57 -0500 > desktop/saveCapBas2 > Message => El campo email no puede ser nulo ''
Wed, 30 Oct 13 10:59:57 -0500 > desktop/saveCapBas2 > Message => El campo celular no puede ser nulo ''
Wed, 30 Oct 13 10:59:57 -0500 > desktop/saveCapBas2 > Message => El campo telefono no puede ser nulo ''
Wed, 30 Oct 13 10:59:57 -0500 > desktop/saveCapBas2 > Message => El campo ext no puede ser nulo ''
Wed, 30 Oct 13 11:00:06 -0500 > desktop/saveCapBas2 > Message => El campo codare no puede ser nulo ''
Wed, 30 Oct 13 11:00:06 -0500 > desktop/saveCapBas2 > Message => El campo email no puede ser nulo ''
Wed, 30 Oct 13 11:00:06 -0500 > desktop/saveCapBas2 > Message => El campo celular no puede ser nulo ''
Wed, 30 Oct 13 11:00:06 -0500 > desktop/saveCapBas2 > Message => El campo telefono no puede ser nulo ''
Wed, 30 Oct 13 11:00:06 -0500 > desktop/saveCapBas2 > Message => El campo ext no puede ser nulo ''
Wed, 30 Oct 13 11:00:38 -0500 > desktop/saveCapBas2 > Message => El campo codare no puede ser nulo ''
Wed, 30 Oct 13 11:00:38 -0500 > desktop/saveCapBas2 > Message => El campo email no puede ser nulo ''
Wed, 30 Oct 13 11:00:38 -0500 > desktop/saveCapBas2 > Message => El campo celular no puede ser nulo ''
Wed, 30 Oct 13 11:00:38 -0500 > desktop/saveCapBas2 > Message => El campo telefono no puede ser nulo ''
Wed, 30 Oct 13 11:00:38 -0500 > desktop/saveCapBas2 > Message => El campo ext no puede ser nulo ''
Wed, 30 Oct 13 11:00:54 -0500 > desktop/saveCapBas2 > Message => El campo codare no puede ser nulo ''
Wed, 30 Oct 13 11:00:54 -0500 > desktop/saveCapBas2 > Message => El campo email no puede ser nulo ''
Wed, 30 Oct 13 11:00:54 -0500 > desktop/saveCapBas2 > Message => El campo celular no puede ser nulo ''
Wed, 30 Oct 13 11:00:54 -0500 > desktop/saveCapBas2 > Message => El campo telefono no puede ser nulo ''
Wed, 30 Oct 13 11:00:54 -0500 > desktop/saveCapBas2 > Message => El campo ext no puede ser nulo ''
Wed, 30 Oct 13 11:01:16 -0500 > desktop/saveCapBas2 > Message => El campo codare no puede ser nulo ''
Wed, 30 Oct 13 11:01:16 -0500 > desktop/saveCapBas2 > Message => El campo email no puede ser nulo ''
Wed, 30 Oct 13 11:01:16 -0500 > desktop/saveCapBas2 > Message => El campo celular no puede ser nulo ''
Wed, 30 Oct 13 11:01:16 -0500 > desktop/saveCapBas2 > Message => El campo telefono no puede ser nulo ''
Wed, 30 Oct 13 11:01:16 -0500 > desktop/saveCapBas2 > Message => El campo ext no puede ser nulo ''
Wed, 30 Oct 13 11:01:23 -0500 > desktop/saveCapBas2 > Message => El campo codare no puede ser nulo ''
Wed, 30 Oct 13 11:01:23 -0500 > desktop/saveCapBas2 > Message => El campo email no puede ser nulo ''
Wed, 30 Oct 13 11:01:23 -0500 > desktop/saveCapBas2 > Message => El campo celular no puede ser nulo ''
Wed, 30 Oct 13 11:01:23 -0500 > desktop/saveCapBas2 > Message => El campo telefono no puede ser nulo ''
Wed, 30 Oct 13 11:01:23 -0500 > desktop/saveCapBas2 > Message => El campo ext no puede ser nulo ''
Wed, 30 Oct 13 11:15:33 -0500 > desktop/saveCapBas2 > Message => El valor del campo 'email' debe ser un e-mail válido
Wed, 30 Oct 13 11:23:15 -0500 > desktop/saveCapBas2 > Message => El valor del campo 'email' debe ser un e-mail válido
Wed, 30 Oct 13 11:23:20 -0500 > desktop/saveCapBas2 > Message => El valor del campo 'email' debe ser un e-mail válido
Wed, 30 Oct 13 11:23:24 -0500 > desktop/saveCapBas2 > Message => El valor del campo 'email' debe ser un e-mail válido
Wed, 30 Oct 13 11:23:31 -0500 > desktop/saveCapBas2 > Message => El valor del campo 'email' debe ser un e-mail válido
Wed, 30 Oct 13 11:52:06 -0500 > desktop/saveCapBas2 > Message => El valor del campo 'email' debe ser un e-mail válido
Wed, 30 Oct 13 11:52:37 -0500 > desktop/saveCapBas2 > Message => El valor del campo 'email' debe ser un e-mail válido
Wed, 30 Oct 13 11:52:41 -0500 > desktop/saveCapBas2 > Message => El valor del campo 'email' debe ser un e-mail válido
Wed, 30 Oct 13 11:52:43 -0500 > desktop/saveCapBas2 > Message => El valor del campo 'email' debe ser un e-mail válido
Wed, 30 Oct 13 11:52:52 -0500 > desktop/saveCapBas2 > Message => El valor del campo 'email' debe ser un e-mail válido
